INFO:root:Started to get credentials!

WARNING:googleapiclient.discovery_cache:file_cache is unavailable when using oauth2client >= 4.0.0
Traceback (most recent call last):
  File "C:\Python27\lib\site-packages\googleapiclient\discovery_cache\__init__.py", line 41, in autodetect
    from . import file_cache
  File "C:\Python27\lib\site-packages\googleapiclient\discovery_cache\file_cache.py", line 41, in <module>
    'file_cache is unavailable when using oauth2client >= 4.0.0')
ImportError: file_cache is unavailable when using oauth2client >= 4.0.0
INFO:googleapiclient.discovery:URL being requested: GET https://www.googleapis.com/discovery/v1/apis/gmail/v1/rest
INFO:googleapiclient.discovery:URL being requested: GET https://www.googleapis.com/gmail/v1/users/me/messages?labelIds=INBOX&labelIds=UNREAD&alt=json
INFO:googleapiclient.discovery:URL being requested: GET https://www.googleapis.com/gmail/v1/users/me/messages/161e083647e98078?alt=json
INFO:googleapiclient.discovery:URL being requested: GET https://www.googleapis.com/gmail/v1/users/me/messages/161e070230bfa070?alt=json
INFO:googleapiclient.discovery:URL being requested: GET https://www.googleapis.com/gmail/v1/users/me/messages/161e063076ea6d0c?alt=json
INFO:googleapiclient.discovery:URL being requested: GET https://www.googleapis.com/gmail/v1/users/me/messages/161e014e6c74bff5?alt=json
INFO:googleapiclient.discovery:URL being requested: GET https://www.googleapis.com/gmail/v1/users/me/messages/161e0021d329da6c?alt=json
INFO:googleapiclient.discovery:URL being requested: GET https://www.googleapis.com/gmail/v1/users/me/messages/161dfbac572fdfd1?alt=json
INFO:googleapiclient.discovery:URL being requested: GET https://www.googleapis.com/gmail/v1/users/me/messages/161dfaa692ee1591?alt=json
INFO:googleapiclient.discovery:URL being requested: GET https://www.googleapis.com/gmail/v1/users/me/messages/161ded5f28041064?alt=json
INFO:googleapiclient.discovery:URL being requested: GET https://www.googleapis.com/gmail/v1/users/me/messages/161deb0fe1cc1f57?alt=json
INFO:googleapiclient.discovery:URL being requested: GET https://www.googleapis.com/gmail/v1/users/me/messages/161de338df63ff8f?alt=json
INFO:googleapiclient.discovery:URL being requested: GET https://www.googleapis.com/gmail/v1/users/me/messages/161de320cad76fe7?alt=json
INFO:googleapiclient.discovery:URL being requested: GET https://www.googleapis.com/gmail/v1/users/me/messages/161ddf7d16ea9b03?alt=json
INFO:googleapiclient.discovery:URL being requested: GET https://www.googleapis.com/gmail/v1/users/me/messages/161ddccd429666c2?alt=json
INFO:googleapiclient.discovery:URL being requested: GET https://www.googleapis.com/gmail/v1/users/me/messages/161dda3c69432baa?alt=json
INFO:googleapiclient.discovery:URL being requested: GET https://www.googleapis.com/gmail/v1/users/me/messages/161dd42470bcd189?alt=json
INFO:googleapiclient.discovery:URL being requested: GET https://www.googleapis.com/gmail/v1/users/me/messages/161dd42470bcd189/attachments/ANGjdJ8dSiqCa-WJlH7mLVLljykzTGdipSiaIwsxBuo2Ply2a2qHPTjweLrzAGb--yqmyRlN50s6_f_-x5uCbTs9td3t3RUrQZkI_n_7a1LkSeUPpAC_gCGvxgzUuGLw9n_l9ZSHrwiClfsLOY82mTbaCOYgHkKzgpEIi8QAUekq9HKEpiLMUTtihO6Qt4oGjC6U56PlI6G90Dca5cyC6fAAkHxDs7oh2IokhcIQ2PVWVwYKmPz9W5jHSzNGd8BI1bVlDfR-gNhdX8NuhuT2k-71Q9dQ8pLwtHuM_vvfbx0A4Mj1YVBOG8jfruFs0Io?alt=json
INFO:googleapiclient.discovery:URL being requested: GET https://www.googleapis.com/gmail/v1/users/me/messages/161dd42470bcd189?alt=json
DEBUG:urllib3.connectionpool:Starting new HTTPS connection (1): www.virustotal.com
DEBUG:urllib3.connectionpool:https://www.virustotal.com:443 "POST /vtapi/v2/file/scan HTTP/1.1" 200 580
INFO:dropbox:Request to users/get_current_account
DEBUG:urllib3.connectionpool:Starting new HTTPS connection (1): api.dropboxapi.com
DEBUG:urllib3.connectionpool:https://api.dropboxapi.com:443 "POST /2/users/get_current_account HTTP/1.1" 200 None
INFO:dropbox:Request to files/upload
DEBUG:urllib3.connectionpool:Starting new HTTPS connection (1): content.dropboxapi.com
DEBUG:urllib3.connectionpool:https://content.dropboxapi.com:443 "POST /2/files/upload HTTP/1.1" 200 None
INFO:googleapiclient.discovery:URL being requested: GET https://www.googleapis.com/gmail/v1/users/me/messages/161dd3ad6fe4b005?alt=json
INFO:googleapiclient.discovery:URL being requested: GET https://www.googleapis.com/gmail/v1/users/me/messages/161dd383d537c443?alt=json
INFO:googleapiclient.discovery:URL being requested: GET https://www.googleapis.com/gmail/v1/users/me/messages/161dd36adf16078e?alt=json
INFO:googleapiclient.discovery:URL being requested: GET https://www.googleapis.com/gmail/v1/users/me/messages/161dd1956794dfe1?alt=json
INFO:googleapiclient.discovery:URL being requested: GET https://www.googleapis.com/gmail/v1/users/me/messages/161c82f427d128b5?alt=json
INFO:googleapiclient.discovery:URL being requested: GET https://www.googleapis.com/gmail/v1/users/me/messages/161c604d6d915c63?alt=json
INFO:googleapiclient.discovery:URL being requested: GET https://www.googleapis.com/gmail/v1/users/me/messages/161c5a315f82be86?alt=json
INFO:googleapiclient.discovery:URL being requested: GET https://www.googleapis.com/gmail/v1/users/me/messages/161c5793c47929d5?alt=json
INFO:googleapiclient.discovery:URL being requested: GET https://www.googleapis.com/gmail/v1/users/me/messages/161c4cd8e0278612?alt=json
INFO:googleapiclient.discovery:URL being requested: GET https://www.googleapis.com/gmail/v1/users/me/messages/161c4bd12a67cda3?alt=json
INFO:googleapiclient.discovery:URL being requested: GET https://www.googleapis.com/gmail/v1/users/me/messages/161c3f0f3d12b3bc?alt=json
INFO:googleapiclient.discovery:URL being requested: GET https://www.googleapis.com/gmail/v1/users/me/messages/161c37fd45a807b1?alt=json
INFO:googleapiclient.discovery:URL being requested: GET https://www.googleapis.com/gmail/v1/users/me/messages/161c376ecbec1b71?alt=json
INFO:googleapiclient.discovery:URL being requested: GET https://www.googleapis.com/gmail/v1/users/me/messages/161c2c7ba47ba744?alt=json
INFO:googleapiclient.discovery:URL being requested: GET https://www.googleapis.com/gmail/v1/users/me/messages/161c2106eae7ddc0?alt=json
INFO:googleapiclient.discovery:URL being requested: GET https://www.googleapis.com/gmail/v1/users/me/messages/161c183ac08ee9b4?alt=json
INFO:googleapiclient.discovery:URL being requested: GET https://www.googleapis.com/gmail/v1/users/me/messages/161bf998320d887d?alt=json
INFO:googleapiclient.discovery:URL being requested: GET https://www.googleapis.com/gmail/v1/users/me/messages/161bf96e15d8f235?alt=json
INFO:googleapiclient.discovery:URL being requested: GET https://www.googleapis.com/gmail/v1/users/me/messages/161bf7a82e7b393f?alt=json
INFO:googleapiclient.discovery:URL being requested: GET https://www.googleapis.com/gmail/v1/users/me/messages/161bebe93e4d04e7?alt=json
INFO:googleapiclient.discovery:URL being requested: GET https://www.googleapis.com/gmail/v1/users/me/messages/161be86d88d67ac1?alt=json
INFO:googleapiclient.discovery:URL being requested: GET https://www.googleapis.com/gmail/v1/users/me/messages/161be4d51dc76924?alt=json
INFO:googleapiclient.discovery:URL being requested: GET https://www.googleapis.com/gmail/v1/users/me/messages/161be489bf743a8d?alt=json
INFO:googleapiclient.discovery:URL being requested: GET https://www.googleapis.com/gmail/v1/users/me/messages/161be46f53d78fc4?alt=json
INFO:googleapiclient.discovery:URL being requested: GET https://www.googleapis.com/gmail/v1/users/me/messages/161be157055a8173?alt=json
INFO:googleapiclient.discovery:URL being requested: GET https://www.googleapis.com/gmail/v1/users/me/messages/161be13ece5fb29e?alt=json
INFO:googleapiclient.discovery:URL being requested: GET https://www.googleapis.com/gmail/v1/users/me/messages/161be0383fd05197?alt=json
INFO:googleapiclient.discovery:URL being requested: GET https://www.googleapis.com/gmail/v1/users/me/messages/161bde6a2cb970b3?alt=json
INFO:googleapiclient.discovery:URL being requested: GET https://www.googleapis.com/gmail/v1/users/me/messages/161bbf38d7cc092c?alt=json
INFO:googleapiclient.discovery:URL being requested: GET https://www.googleapis.com/gmail/v1/users/me/messages/161bbed930f3c0bd?alt=json
INFO:googleapiclient.discovery:URL being requested: GET https://www.googleapis.com/gmail/v1/users/me/messages/161bbacaf2d734e2?alt=json
INFO:googleapiclient.discovery:URL being requested: GET https://www.googleapis.com/gmail/v1/users/me/messages/161ba2774e1a2d53?alt=json
INFO:googleapiclient.discovery:URL being requested: GET https://www.googleapis.com/gmail/v1/users/me/messages/161b984ff9b74d4f?alt=json
INFO:googleapiclient.discovery:URL being requested: GET https://www.googleapis.com/gmail/v1/users/me/messages/161b96f929fc0d06?alt=json
INFO:googleapiclient.discovery:URL being requested: GET https://www.googleapis.com/gmail/v1/users/me/messages/161b8ffa6a9aef88?alt=json
INFO:googleapiclient.discovery:URL being requested: GET https://www.googleapis.com/gmail/v1/users/me/messages/161b82e7111f25aa?alt=json
INFO:googleapiclient.discovery:URL being requested: GET https://www.googleapis.com/gmail/v1/users/me/messages/161b7cf36ec7804b?alt=json
INFO:googleapiclient.discovery:URL being requested: GET https://www.googleapis.com/gmail/v1/users/me/messages/161b56355e0983bb?alt=json
INFO:googleapiclient.discovery:URL being requested: GET https://www.googleapis.com/gmail/v1/users/me/messages/161b4e643660647e?alt=json
INFO:googleapiclient.discovery:URL being requested: GET https://www.googleapis.com/gmail/v1/users/me/messages/161b4bec97123f84?alt=json
INFO:googleapiclient.discovery:URL being requested: GET https://www.googleapis.com/gmail/v1/users/me/messages/161b42a5cd5d6aff?alt=json
INFO:googleapiclient.discovery:URL being requested: GET https://www.googleapis.com/gmail/v1/users/me/messages/161b4233f186e172?alt=json
INFO:googleapiclient.discovery:URL being requested: GET https://www.googleapis.com/gmail/v1/users/me/messages/161b3b7d198fdc24?alt=json
INFO:googleapiclient.discovery:URL being requested: GET https://www.googleapis.com/gmail/v1/users/me/messages/161b3b673077d018?alt=json
INFO:googleapiclient.discovery:URL being requested: GET https://www.googleapis.com/gmail/v1/users/me/messages/161b38a3b618792e?alt=json
INFO:googleapiclient.discovery:URL being requested: GET https://www.googleapis.com/gmail/v1/users/me/messages/161b388d8c5feab7?alt=json
INFO:googleapiclient.discovery:URL being requested: GET https://www.googleapis.com/gmail/v1/users/me/messages/161b2e1ccc4bcfef?alt=json
INFO:googleapiclient.discovery:URL being requested: GET https://www.googleapis.com/gmail/v1/users/me/messages/161b2e1c184a26b8?alt=json
INFO:googleapiclient.discovery:URL being requested: GET https://www.googleapis.com/gmail/v1/users/me/messages/161b26f5d36e89a2?alt=json
INFO:googleapiclient.discovery:URL being requested: GET https://www.googleapis.com/gmail/v1/users/me/messages/161b25bf350b53ee?alt=json
INFO:googleapiclient.discovery:URL being requested: GET https://www.googleapis.com/gmail/v1/users/me/messages/161b243271b18e46?alt=json
INFO:googleapiclient.discovery:URL being requested: GET https://www.googleapis.com/gmail/v1/users/me/messages/161b2122324ad562?alt=json
INFO:googleapiclient.discovery:URL being requested: GET https://www.googleapis.com/gmail/v1/users/me/messages/161af883c09bb860?alt=json
INFO:googleapiclient.discovery:URL being requested: GET https://www.googleapis.com/gmail/v1/users/me/messages/161ae9bdb92d5e35?alt=json
INFO:googleapiclient.discovery:URL being requested: GET https://www.googleapis.com/gmail/v1/users/me/messages/161ae5d7068c745b?alt=json
INFO:googleapiclient.discovery:URL being requested: GET https://www.googleapis.com/gmail/v1/users/me/messages/161ae05e50e95553?alt=json
INFO:googleapiclient.discovery:URL being requested: GET https://www.googleapis.com/gmail/v1/users/me/messages/161acf7ad2a75c14?alt=json
INFO:googleapiclient.discovery:URL being requested: GET https://www.googleapis.com/gmail/v1/users/me/messages/161ab953c3efb249?alt=json
INFO:googleapiclient.discovery:URL being requested: GET https://www.googleapis.com/gmail/v1/users/me/messages/161ab3ad2dc3a571?alt=json
INFO:googleapiclient.discovery:URL being requested: GET https://www.googleapis.com/gmail/v1/users/me/messages/161aaf20fa7a3a4f?alt=json
INFO:googleapiclient.discovery:URL being requested: GET https://www.googleapis.com/gmail/v1/users/me/messages/161aa69d0b186c9c?alt=json
INFO:googleapiclient.discovery:URL being requested: GET https://www.googleapis.com/gmail/v1/users/me/messages/161aa38bbd1d6588?alt=json
INFO:googleapiclient.discovery:URL being requested: GET https://www.googleapis.com/gmail/v1/users/me/messages/161a94e46706defa?alt=json
INFO:googleapiclient.discovery:URL being requested: GET https://www.googleapis.com/gmail/v1/users/me/messages/161a80e513d6a63a?alt=json
INFO:googleapiclient.discovery:URL being requested: GET https://www.googleapis.com/gmail/v1/users/me/messages/161a7c580e49c539?alt=json
INFO:googleapiclient.discovery:URL being requested: GET https://www.googleapis.com/gmail/v1/users/me/messages/161a7677aa6c1d31?alt=json
INFO:googleapiclient.discovery:URL being requested: GET https://www.googleapis.com/gmail/v1/users/me/messages/161a59d6586a694f?alt=json
INFO:googleapiclient.discovery:URL being requested: GET https://www.googleapis.com/gmail/v1/users/me/messages/161a564fabccf299?alt=json
INFO:googleapiclient.discovery:URL being requested: GET https://www.googleapis.com/gmail/v1/users/me/messages/161a54be6b0ccc77?alt=json
INFO:googleapiclient.discovery:URL being requested: GET https://www.googleapis.com/gmail/v1/users/me/messages/161a510372c2e177?alt=json
INFO:googleapiclient.discovery:URL being requested: GET https://www.googleapis.com/gmail/v1/users/me/messages/161a41b4b937a5a7?alt=json
INFO:googleapiclient.discovery:URL being requested: GET https://www.googleapis.com/gmail/v1/users/me/messages/161a2301f6b56428?alt=json
INFO:googleapiclient.discovery:URL being requested: GET https://www.googleapis.com/gmail/v1/users/me/messages/161a0e97613071a4?alt=json
INFO:googleapiclient.discovery:URL being requested: GET https://www.googleapis.com/gmail/v1/users/me/messages/161a094a3aeaf3c3?alt=json
INFO:googleapiclient.discovery:URL being requested: GET https://www.googleapis.com/gmail/v1/users/me/messages/161a056353fdbdf5?alt=json
INFO:googleapiclient.discovery:URL being requested: GET https://www.googleapis.com/gmail/v1/users/me/messages/1619fdb99f44aa45?alt=json
INFO:googleapiclient.discovery:URL being requested: GET https://www.googleapis.com/gmail/v1/users/me/messages/1619f6e7a3a9ba5b?alt=json
INFO:googleapiclient.discovery:URL being requested: GET https://www.googleapis.com/gmail/v1/users/me/messages/1619d71d6ae6ba6d?alt=json
INFO:googleapiclient.discovery:URL being requested: GET https://www.googleapis.com/gmail/v1/users/me/messages/1619b924f02b580d?alt=json
INFO:googleapiclient.discovery:URL being requested: GET https://www.googleapis.com/gmail/v1/users/me/messages/1619b0761a21998b?alt=json
INFO:googleapiclient.discovery:URL being requested: GET https://www.googleapis.com/gmail/v1/users/me/messages/1619a8be3e0be664?alt=json
INFO:googleapiclient.discovery:URL being requested: GET https://www.googleapis.com/gmail/v1/users/me/messages/1619a5f81372e7ce?alt=json
INFO:googleapiclient.discovery:URL being requested: GET https://www.googleapis.com/gmail/v1/users/me/messages/1619a3b0d0720ff4?alt=json
INFO:googleapiclient.discovery:URL being requested: GET https://www.googleapis.com/gmail/v1/users/me/messages/1619a0358cb9489f?alt=json
INFO:googleapiclient.discovery:URL being requested: GET https://www.googleapis.com/gmail/v1/users/me/messages/16199c9b98ced8da?alt=json
WARNING:django.request:Not Found: /app/
INFO:root:Started to get credentials!

WARNING:googleapiclient.discovery_cache:file_cache is unavailable when using oauth2client >= 4.0.0
Traceback (most recent call last):
  File "C:\Python27\lib\site-packages\googleapiclient\discovery_cache\__init__.py", line 41, in autodetect
    from . import file_cache
  File "C:\Python27\lib\site-packages\googleapiclient\discovery_cache\file_cache.py", line 41, in <module>
    'file_cache is unavailable when using oauth2client >= 4.0.0')
ImportError: file_cache is unavailable when using oauth2client >= 4.0.0
INFO:googleapiclient.discovery:URL being requested: GET https://www.googleapis.com/discovery/v1/apis/gmail/v1/rest
INFO:googleapiclient.discovery:URL being requested: GET https://www.googleapis.com/gmail/v1/users/me/messages?labelIds=INBOX&labelIds=UNREAD&alt=json
INFO:oauth2client.transport:Refreshing due to a 401 (attempt 1/2)
INFO:oauth2client.client:Refreshing access_token
INFO:googleapiclient.discovery:URL being requested: GET https://www.googleapis.com/gmail/v1/users/me/messages/161e083647e98078?alt=json
INFO:googleapiclient.discovery:URL being requested: GET https://www.googleapis.com/gmail/v1/users/me/messages/161e070230bfa070?alt=json
INFO:googleapiclient.discovery:URL being requested: GET https://www.googleapis.com/gmail/v1/users/me/messages/161e063076ea6d0c?alt=json
INFO:googleapiclient.discovery:URL being requested: GET https://www.googleapis.com/gmail/v1/users/me/messages/161e014e6c74bff5?alt=json
INFO:googleapiclient.discovery:URL being requested: GET https://www.googleapis.com/gmail/v1/users/me/messages/161e0021d329da6c?alt=json
INFO:googleapiclient.discovery:URL being requested: GET https://www.googleapis.com/gmail/v1/users/me/messages/161dfbac572fdfd1?alt=json
INFO:googleapiclient.discovery:URL being requested: GET https://www.googleapis.com/gmail/v1/users/me/messages/161dfaa692ee1591?alt=json
INFO:googleapiclient.discovery:URL being requested: GET https://www.googleapis.com/gmail/v1/users/me/messages/161ded5f28041064?alt=json
INFO:googleapiclient.discovery:URL being requested: GET https://www.googleapis.com/gmail/v1/users/me/messages/161deb0fe1cc1f57?alt=json
INFO:googleapiclient.discovery:URL being requested: GET https://www.googleapis.com/gmail/v1/users/me/messages/161de338df63ff8f?alt=json
INFO:googleapiclient.discovery:URL being requested: GET https://www.googleapis.com/gmail/v1/users/me/messages/161de320cad76fe7?alt=json
INFO:googleapiclient.discovery:URL being requested: GET https://www.googleapis.com/gmail/v1/users/me/messages/161ddf7d16ea9b03?alt=json
INFO:googleapiclient.discovery:URL being requested: GET https://www.googleapis.com/gmail/v1/users/me/messages/161ddccd429666c2?alt=json
INFO:googleapiclient.discovery:URL being requested: GET https://www.googleapis.com/gmail/v1/users/me/messages/161dda3c69432baa?alt=json
INFO:googleapiclient.discovery:URL being requested: GET https://www.googleapis.com/gmail/v1/users/me/messages/161dd42470bcd189?alt=json
INFO:googleapiclient.discovery:URL being requested: GET https://www.googleapis.com/gmail/v1/users/me/messages/161dd42470bcd189/attachments/ANGjdJ-UFqKoQh6cBbjcFyDZPKmhX3J6bsttS0DEnpStVhR2c2aufssXt0MiO8PV9cbUzDMWlWo3IhxMV83FfpGLfCN3UJ4VwZFWXnLXt2hGmtM_pwteFBVbpNK6PBvPLjO0rEU-dM8SuGJXgaTEQNfe07IinjpvCDdNW8RMw1dHo0cuBIx5xCsjJyU2-IL0aALBBRejo8L82QI8HmOjdZxrjuQ3__m3tVIaPQU6awz9If7kkBZmfkdZkdMd4zCiR8admrvkl33nzNjed9Hz1lBo3YDb9tn7nbyuSW2xHKoRDlEVYPWnrT7ILHMQsIQ?alt=json
INFO:googleapiclient.discovery:URL being requested: GET https://www.googleapis.com/gmail/v1/users/me/messages/161dd42470bcd189?alt=json
DEBUG:urllib3.connectionpool:Starting new HTTPS connection (1): www.virustotal.com
DEBUG:urllib3.connectionpool:https://www.virustotal.com:443 "POST /vtapi/v2/file/scan HTTP/1.1" 200 580
INFO:root:Managed to scan file!
INFO:root:Scan finished, information embedded
INFO:dropbox:Request to users/get_current_account
DEBUG:urllib3.connectionpool:Starting new HTTPS connection (1): api.dropboxapi.com
DEBUG:urllib3.connectionpool:https://api.dropboxapi.com:443 "POST /2/users/get_current_account HTTP/1.1" 200 None
INFO:root:Creating backup...
INFO:root:Uploading D:\work\Anul3\SEM2\CLOUD\TEMA1\SERVER\tema1\tema1app\__attachements\a.txt0.txt to Dropbox as /a.txt0.txt...
INFO:dropbox:Request to files/upload
DEBUG:urllib3.connectionpool:Starting new HTTPS connection (1): content.dropboxapi.com
DEBUG:urllib3.connectionpool:https://content.dropboxapi.com:443 "POST /2/files/upload HTTP/1.1" 200 None
INFO:root:Done with: a.txt0.txt!
INFO:googleapiclient.discovery:URL being requested: GET https://www.googleapis.com/gmail/v1/users/me/messages/161dd3ad6fe4b005?alt=json
INFO:googleapiclient.discovery:URL being requested: GET https://www.googleapis.com/gmail/v1/users/me/messages/161dd383d537c443?alt=json
INFO:googleapiclient.discovery:URL being requested: GET https://www.googleapis.com/gmail/v1/users/me/messages/161dd36adf16078e?alt=json
INFO:googleapiclient.discovery:URL being requested: GET https://www.googleapis.com/gmail/v1/users/me/messages/161dd1956794dfe1?alt=json
INFO:googleapiclient.discovery:URL being requested: GET https://www.googleapis.com/gmail/v1/users/me/messages/161c82f427d128b5?alt=json
INFO:googleapiclient.discovery:URL being requested: GET https://www.googleapis.com/gmail/v1/users/me/messages/161c604d6d915c63?alt=json
INFO:googleapiclient.discovery:URL being requested: GET https://www.googleapis.com/gmail/v1/users/me/messages/161c5a315f82be86?alt=json
INFO:googleapiclient.discovery:URL being requested: GET https://www.googleapis.com/gmail/v1/users/me/messages/161c5793c47929d5?alt=json
INFO:googleapiclient.discovery:URL being requested: GET https://www.googleapis.com/gmail/v1/users/me/messages/161c4cd8e0278612?alt=json
INFO:googleapiclient.discovery:URL being requested: GET https://www.googleapis.com/gmail/v1/users/me/messages/161c4bd12a67cda3?alt=json
INFO:googleapiclient.discovery:URL being requested: GET https://www.googleapis.com/gmail/v1/users/me/messages/161c3f0f3d12b3bc?alt=json
INFO:googleapiclient.discovery:URL being requested: GET https://www.googleapis.com/gmail/v1/users/me/messages/161c37fd45a807b1?alt=json
INFO:googleapiclient.discovery:URL being requested: GET https://www.googleapis.com/gmail/v1/users/me/messages/161c376ecbec1b71?alt=json
INFO:googleapiclient.discovery:URL being requested: GET https://www.googleapis.com/gmail/v1/users/me/messages/161c2c7ba47ba744?alt=json
INFO:googleapiclient.discovery:URL being requested: GET https://www.googleapis.com/gmail/v1/users/me/messages/161c2106eae7ddc0?alt=json
INFO:googleapiclient.discovery:URL being requested: GET https://www.googleapis.com/gmail/v1/users/me/messages/161c183ac08ee9b4?alt=json
INFO:googleapiclient.discovery:URL being requested: GET https://www.googleapis.com/gmail/v1/users/me/messages/161bf998320d887d?alt=json
INFO:googleapiclient.discovery:URL being requested: GET https://www.googleapis.com/gmail/v1/users/me/messages/161bf96e15d8f235?alt=json
INFO:googleapiclient.discovery:URL being requested: GET https://www.googleapis.com/gmail/v1/users/me/messages/161bf7a82e7b393f?alt=json
INFO:googleapiclient.discovery:URL being requested: GET https://www.googleapis.com/gmail/v1/users/me/messages/161bebe93e4d04e7?alt=json
INFO:googleapiclient.discovery:URL being requested: GET https://www.googleapis.com/gmail/v1/users/me/messages/161be86d88d67ac1?alt=json
INFO:googleapiclient.discovery:URL being requested: GET https://www.googleapis.com/gmail/v1/users/me/messages/161be4d51dc76924?alt=json
INFO:googleapiclient.discovery:URL being requested: GET https://www.googleapis.com/gmail/v1/users/me/messages/161be489bf743a8d?alt=json
INFO:googleapiclient.discovery:URL being requested: GET https://www.googleapis.com/gmail/v1/users/me/messages/161be46f53d78fc4?alt=json
INFO:googleapiclient.discovery:URL being requested: GET https://www.googleapis.com/gmail/v1/users/me/messages/161be157055a8173?alt=json
INFO:googleapiclient.discovery:URL being requested: GET https://www.googleapis.com/gmail/v1/users/me/messages/161be13ece5fb29e?alt=json
INFO:googleapiclient.discovery:URL being requested: GET https://www.googleapis.com/gmail/v1/users/me/messages/161be0383fd05197?alt=json
INFO:googleapiclient.discovery:URL being requested: GET https://www.googleapis.com/gmail/v1/users/me/messages/161bde6a2cb970b3?alt=json
INFO:googleapiclient.discovery:URL being requested: GET https://www.googleapis.com/gmail/v1/users/me/messages/161bbf38d7cc092c?alt=json
INFO:googleapiclient.discovery:URL being requested: GET https://www.googleapis.com/gmail/v1/users/me/messages/161bbed930f3c0bd?alt=json
INFO:googleapiclient.discovery:URL being requested: GET https://www.googleapis.com/gmail/v1/users/me/messages/161bbacaf2d734e2?alt=json
INFO:googleapiclient.discovery:URL being requested: GET https://www.googleapis.com/gmail/v1/users/me/messages/161ba2774e1a2d53?alt=json
INFO:googleapiclient.discovery:URL being requested: GET https://www.googleapis.com/gmail/v1/users/me/messages/161b984ff9b74d4f?alt=json
INFO:googleapiclient.discovery:URL being requested: GET https://www.googleapis.com/gmail/v1/users/me/messages/161b96f929fc0d06?alt=json
INFO:googleapiclient.discovery:URL being requested: GET https://www.googleapis.com/gmail/v1/users/me/messages/161b8ffa6a9aef88?alt=json
INFO:googleapiclient.discovery:URL being requested: GET https://www.googleapis.com/gmail/v1/users/me/messages/161b82e7111f25aa?alt=json
INFO:googleapiclient.discovery:URL being requested: GET https://www.googleapis.com/gmail/v1/users/me/messages/161b7cf36ec7804b?alt=json
INFO:googleapiclient.discovery:URL being requested: GET https://www.googleapis.com/gmail/v1/users/me/messages/161b56355e0983bb?alt=json
INFO:googleapiclient.discovery:URL being requested: GET https://www.googleapis.com/gmail/v1/users/me/messages/161b4e643660647e?alt=json
INFO:googleapiclient.discovery:URL being requested: GET https://www.googleapis.com/gmail/v1/users/me/messages/161b4bec97123f84?alt=json
INFO:googleapiclient.discovery:URL being requested: GET https://www.googleapis.com/gmail/v1/users/me/messages/161b42a5cd5d6aff?alt=json
INFO:googleapiclient.discovery:URL being requested: GET https://www.googleapis.com/gmail/v1/users/me/messages/161b4233f186e172?alt=json
INFO:googleapiclient.discovery:URL being requested: GET https://www.googleapis.com/gmail/v1/users/me/messages/161b3b7d198fdc24?alt=json
INFO:googleapiclient.discovery:URL being requested: GET https://www.googleapis.com/gmail/v1/users/me/messages/161b3b673077d018?alt=json
INFO:googleapiclient.discovery:URL being requested: GET https://www.googleapis.com/gmail/v1/users/me/messages/161b38a3b618792e?alt=json
INFO:googleapiclient.discovery:URL being requested: GET https://www.googleapis.com/gmail/v1/users/me/messages/161b388d8c5feab7?alt=json
INFO:googleapiclient.discovery:URL being requested: GET https://www.googleapis.com/gmail/v1/users/me/messages/161b2e1ccc4bcfef?alt=json
INFO:googleapiclient.discovery:URL being requested: GET https://www.googleapis.com/gmail/v1/users/me/messages/161b2e1c184a26b8?alt=json
INFO:googleapiclient.discovery:URL being requested: GET https://www.googleapis.com/gmail/v1/users/me/messages/161b26f5d36e89a2?alt=json
INFO:googleapiclient.discovery:URL being requested: GET https://www.googleapis.com/gmail/v1/users/me/messages/161b25bf350b53ee?alt=json
INFO:googleapiclient.discovery:URL being requested: GET https://www.googleapis.com/gmail/v1/users/me/messages/161b243271b18e46?alt=json
INFO:googleapiclient.discovery:URL being requested: GET https://www.googleapis.com/gmail/v1/users/me/messages/161b2122324ad562?alt=json
INFO:googleapiclient.discovery:URL being requested: GET https://www.googleapis.com/gmail/v1/users/me/messages/161af883c09bb860?alt=json
INFO:googleapiclient.discovery:URL being requested: GET https://www.googleapis.com/gmail/v1/users/me/messages/161ae9bdb92d5e35?alt=json
INFO:googleapiclient.discovery:URL being requested: GET https://www.googleapis.com/gmail/v1/users/me/messages/161ae5d7068c745b?alt=json
INFO:googleapiclient.discovery:URL being requested: GET https://www.googleapis.com/gmail/v1/users/me/messages/161ae05e50e95553?alt=json
INFO:googleapiclient.discovery:URL being requested: GET https://www.googleapis.com/gmail/v1/users/me/messages/161acf7ad2a75c14?alt=json
INFO:googleapiclient.discovery:URL being requested: GET https://www.googleapis.com/gmail/v1/users/me/messages/161ab953c3efb249?alt=json
INFO:googleapiclient.discovery:URL being requested: GET https://www.googleapis.com/gmail/v1/users/me/messages/161ab3ad2dc3a571?alt=json
INFO:googleapiclient.discovery:URL being requested: GET https://www.googleapis.com/gmail/v1/users/me/messages/161aaf20fa7a3a4f?alt=json
INFO:googleapiclient.discovery:URL being requested: GET https://www.googleapis.com/gmail/v1/users/me/messages/161aa69d0b186c9c?alt=json
INFO:googleapiclient.discovery:URL being requested: GET https://www.googleapis.com/gmail/v1/users/me/messages/161aa38bbd1d6588?alt=json
INFO:googleapiclient.discovery:URL being requested: GET https://www.googleapis.com/gmail/v1/users/me/messages/161a94e46706defa?alt=json
INFO:googleapiclient.discovery:URL being requested: GET https://www.googleapis.com/gmail/v1/users/me/messages/161a80e513d6a63a?alt=json
INFO:googleapiclient.discovery:URL being requested: GET https://www.googleapis.com/gmail/v1/users/me/messages/161a7c580e49c539?alt=json
INFO:googleapiclient.discovery:URL being requested: GET https://www.googleapis.com/gmail/v1/users/me/messages/161a7677aa6c1d31?alt=json
INFO:googleapiclient.discovery:URL being requested: GET https://www.googleapis.com/gmail/v1/users/me/messages/161a59d6586a694f?alt=json
INFO:googleapiclient.discovery:URL being requested: GET https://www.googleapis.com/gmail/v1/users/me/messages/161a564fabccf299?alt=json
INFO:googleapiclient.discovery:URL being requested: GET https://www.googleapis.com/gmail/v1/users/me/messages/161a54be6b0ccc77?alt=json
INFO:googleapiclient.discovery:URL being requested: GET https://www.googleapis.com/gmail/v1/users/me/messages/161a510372c2e177?alt=json
INFO:googleapiclient.discovery:URL being requested: GET https://www.googleapis.com/gmail/v1/users/me/messages/161a41b4b937a5a7?alt=json
INFO:googleapiclient.discovery:URL being requested: GET https://www.googleapis.com/gmail/v1/users/me/messages/161a2301f6b56428?alt=json
INFO:googleapiclient.discovery:URL being requested: GET https://www.googleapis.com/gmail/v1/users/me/messages/161a0e97613071a4?alt=json
INFO:googleapiclient.discovery:URL being requested: GET https://www.googleapis.com/gmail/v1/users/me/messages/161a094a3aeaf3c3?alt=json
INFO:googleapiclient.discovery:URL being requested: GET https://www.googleapis.com/gmail/v1/users/me/messages/161a056353fdbdf5?alt=json
INFO:googleapiclient.discovery:URL being requested: GET https://www.googleapis.com/gmail/v1/users/me/messages/1619fdb99f44aa45?alt=json
INFO:googleapiclient.discovery:URL being requested: GET https://www.googleapis.com/gmail/v1/users/me/messages/1619f6e7a3a9ba5b?alt=json
INFO:googleapiclient.discovery:URL being requested: GET https://www.googleapis.com/gmail/v1/users/me/messages/1619d71d6ae6ba6d?alt=json
INFO:googleapiclient.discovery:URL being requested: GET https://www.googleapis.com/gmail/v1/users/me/messages/1619b924f02b580d?alt=json
INFO:googleapiclient.discovery:URL being requested: GET https://www.googleapis.com/gmail/v1/users/me/messages/1619b0761a21998b?alt=json
INFO:googleapiclient.discovery:URL being requested: GET https://www.googleapis.com/gmail/v1/users/me/messages/1619a8be3e0be664?alt=json
INFO:googleapiclient.discovery:URL being requested: GET https://www.googleapis.com/gmail/v1/users/me/messages/1619a5f81372e7ce?alt=json
INFO:googleapiclient.discovery:URL being requested: GET https://www.googleapis.com/gmail/v1/users/me/messages/1619a3b0d0720ff4?alt=json
INFO:googleapiclient.discovery:URL being requested: GET https://www.googleapis.com/gmail/v1/users/me/messages/1619a0358cb9489f?alt=json
